<?xml version="1.0" encoding="UTF-8"?>
<!-- Generated by org.testng.reporters.JUnitReportReporter -->
<testsuite hostname="DESKTOP-KBM2E74" failures="0" tests="5" name="Masters.Login" time="51.012" errors="0" timestamp="2022-12-15T11:17:46 IST" skipped="0">
  <testcase classname="Masters.Login" name="login" time="9.818"/>
  <system-out/>
  <testcase classname="Masters.Login" name="login" time="12.566"/>
  <system-out/>
  <testcase classname="Masters.Login" name="login" time="8.664"/>
  <system-out/>
  <testcase classname="Masters.Login" name="login" time="10.295"/>
  <system-out/>
  <testcase classname="Masters.Login" name="login" time="9.669"/>
  <system-out/>
</testsuite> <!-- Masters.Login -->
