<?xml version="1.0" encoding="UTF-8"?>
<!-- Generated by org.testng.reporters.JUnitReportReporter -->
<testsuite hostname="DESKTOP-KBM2E74" failures="0" tests="4" name="Masters.UserRegistration" time="36.618" errors="0" timestamp="2022-12-27T18:39:07 IST" skipped="0">
  <testcase classname="Masters.UserRegistration" name="login" time="13.348"/>
  <system-out/>
  <testcase classname="Masters.UserRegistration" name="ADDuser" time="7.686"/>
  <system-out/>
  <testcase classname="Masters.UserRegistration" name="ADDuser" time="7.891"/>
  <system-out/>
  <testcase classname="Masters.UserRegistration" name="ADDuser" time="7.693"/>
  <system-out/>
</testsuite> <!-- Masters.UserRegistration -->
