<?xml version="1.0" encoding="UTF-8"?>
<!-- Generated by org.testng.reporters.JUnitReportReporter -->
<testsuite hostname="DESKTOP-KBM2E74" failures="0" tests="4" name="Masters.AddDepartment" time="24.809" errors="0" timestamp="2022-12-13T18:14:15 IST" skipped="0">
  <testcase classname="Masters.AddDepartment" name="login" time="10.712"/>
  <system-out/>
  <testcase classname="Masters.AddDepartment" name="AddDepartment" time="4.416"/>
  <system-out/>
  <testcase classname="Masters.AddDepartment" name="Editdepartment" time="6.446"/>
  <system-out/>
  <testcase classname="Masters.AddDepartment" name="Deletedepartment" time="3.235"/>
  <system-out/>
</testsuite> <!-- Masters.AddDepartment -->
