<?xml version="1.0" encoding="UTF-8"?>
<!-- Generated by org.testng.reporters.JUnitReportReporter -->
<testsuite hostname="DESKTOP-KBM2E74" failures="0" tests="4" name="Masters.AddGrievanceMaster" time="28.897" errors="0" timestamp="2022-12-27T17:22:47 IST" skipped="0">
  <testcase classname="Masters.AddGrievanceMaster" name="login" time="10.532"/>
  <system-out/>
  <testcase classname="Masters.AddGrievanceMaster" name="ADDGRIEVANCE" time="6.706"/>
  <system-out/>
  <testcase classname="Masters.AddGrievanceMaster" name="Editdepartment" time="6.412"/>
  <system-out/>
  <testcase classname="Masters.AddGrievanceMaster" name="Deletedepartment" time="5.247"/>
  <system-out/>
</testsuite> <!-- Masters.AddGrievanceMaster -->
