<?xml version="1.0" encoding="UTF-8"?>
<!-- Generated by org.testng.reporters.JUnitReportReporter -->
<testsuite hostname="DESKTOP-KBM2E74" failures="0" tests="4" name="Masters.AddDepartment" time="26.790" errors="0" timestamp="2022-12-26T16:13:45 IST" skipped="0">
  <testcase classname="Masters.AddDepartment" name="login" time="10.775"/>
  <system-out/>
  <testcase classname="Masters.AddDepartment" name="AddDepartment" time="4.388"/>
  <system-out/>
  <testcase classname="Masters.AddDepartment" name="Editdepartment" time="6.401"/>
  <system-out/>
  <testcase classname="Masters.AddDepartment" name="Deletedepartment" time="5.226"/>
  <system-out/>
</testsuite> <!-- Masters.AddDepartment -->
