<?xml version="1.0" encoding="UTF-8"?>
<!-- Generated by org.testng.reporters.JUnitReportReporter -->
<testsuite hostname="DESKTOP-KBM2E74" failures="0" tests="4" name="Masters.Logins" time="24.197" errors="0" timestamp="2022-12-13T17:59:27 IST" skipped="0">
  <testcase classname="Masters.Logins" name="login" time="10.035"/>
  <system-out/>
  <testcase classname="Masters.Logins" name="AddDepartment" time="4.447"/>
  <system-out/>
  <testcase classname="Masters.Logins" name="Editdepartment" time="6.484"/>
  <system-out/>
  <testcase classname="Masters.Logins" name="Deletedepartment" time="3.231"/>
  <system-out/>
</testsuite> <!-- Masters.Logins -->
